[2021-04-13 09:41:15Z INFO HostContext] No proxy settings were found based on environmental variables (http_proxy/https_proxy/HTTP_PROXY/HTTPS_PROXY)
[2021-04-13 09:41:15Z INFO HostContext] Well known directory 'Bin': 'C:\Users\Brighton Young\OneDrive\Documents\UXDesign\one-music-gh-pages\actions-runner\bin'
[2021-04-13 09:41:15Z INFO HostContext] Well known directory 'Root': 'C:\Users\Brighton Young\OneDrive\Documents\UXDesign\one-music-gh-pages\actions-runner'
[2021-04-13 09:41:15Z INFO HostContext] Well known config file 'Credentials': 'C:\Users\Brighton Young\OneDrive\Documents\UXDesign\one-music-gh-pages\actions-runner\.credentials'
[2021-04-13 09:41:16Z INFO Listener] Runner is built for Windows (X64) - win-x64.
[2021-04-13 09:41:16Z INFO Listener] RuntimeInformation: Microsoft Windows 10.0.21292.
[2021-04-13 09:41:16Z INFO Listener] Version: 2.277.1
[2021-04-13 09:41:16Z INFO Listener] Commit: 183a3dd9a0d4d51feddc5fe9fa6c3b5f8b08343d
[2021-04-13 09:41:16Z INFO Listener] Culture: en-US
[2021-04-13 09:41:16Z INFO Listener] UI Culture: en-US
[2021-04-13 09:41:16Z INFO HostContext] Well known directory 'Bin': 'C:\Users\Brighton Young\OneDrive\Documents\UXDesign\one-music-gh-pages\actions-runner\bin'
[2021-04-13 09:41:16Z INFO HostContext] Well known directory 'Root': 'C:\Users\Brighton Young\OneDrive\Documents\UXDesign\one-music-gh-pages\actions-runner'
[2021-04-13 09:41:16Z INFO Listener] Validating directory permissions for: 'C:\Users\Brighton Young\OneDrive\Documents\UXDesign\one-music-gh-pages\actions-runner'
[2021-04-13 09:41:16Z INFO CommandLineParser] Parse
[2021-04-13 09:41:16Z INFO CommandLineParser] Parsing 5 args
[2021-04-13 09:41:16Z INFO CommandLineParser] parsing argument
[2021-04-13 09:41:16Z INFO CommandLineParser] HasArgs: False
[2021-04-13 09:41:16Z INFO CommandLineParser] Adding Command: configure
[2021-04-13 09:41:16Z INFO CommandLineParser] parsing argument
[2021-04-13 09:41:16Z INFO CommandLineParser] HasArgs: True
[2021-04-13 09:41:16Z INFO CommandLineParser] arg: url
[2021-04-13 09:41:16Z INFO CommandLineParser] parsing argument
[2021-04-13 09:41:16Z INFO CommandLineParser] HasArgs: True
[2021-04-13 09:41:16Z INFO CommandLineParser] Adding option 'url': 'https://github.com/brightonyoung/One-Music-GH-Pages'
[2021-04-13 09:41:16Z INFO CommandLineParser] parsing argument
[2021-04-13 09:41:16Z INFO CommandLineParser] HasArgs: True
[2021-04-13 09:41:16Z INFO CommandLineParser] arg: token
[2021-04-13 09:41:16Z INFO CommandLineParser] parsing argument
[2021-04-13 09:41:16Z INFO CommandLineParser] HasArgs: True
[2021-04-13 09:41:16Z INFO CommandLineParser] Adding option 'token': '***'
[2021-04-13 09:41:16Z INFO Listener] Arguments parsed
[2021-04-13 09:41:16Z INFO Runner] ExecuteCommand
[2021-04-13 09:41:16Z INFO ConfigurationStore] currentAssemblyLocation: C:\Users\Brighton Young\OneDrive\Documents\UXDesign\one-music-gh-pages\actions-runner\bin\Runner.Listener.dll
[2021-04-13 09:41:16Z INFO HostContext] Well known directory 'Bin': 'C:\Users\Brighton Young\OneDrive\Documents\UXDesign\one-music-gh-pages\actions-runner\bin'
[2021-04-13 09:41:16Z INFO ConfigurationStore] binPath: C:\Users\Brighton Young\OneDrive\Documents\UXDesign\one-music-gh-pages\actions-runner\bin
[2021-04-13 09:41:16Z INFO HostContext] Well known directory 'Bin': 'C:\Users\Brighton Young\OneDrive\Documents\UXDesign\one-music-gh-pages\actions-runner\bin'
[2021-04-13 09:41:16Z INFO HostContext] Well known directory 'Root': 'C:\Users\Brighton Young\OneDrive\Documents\UXDesign\one-music-gh-pages\actions-runner'
[2021-04-13 09:41:16Z INFO ConfigurationStore] RootFolder: C:\Users\Brighton Young\OneDrive\Documents\UXDesign\one-music-gh-pages\actions-runner
[2021-04-13 09:41:16Z INFO HostContext] Well known directory 'Bin': 'C:\Users\Brighton Young\OneDrive\Documents\UXDesign\one-music-gh-pages\actions-runner\bin'
[2021-04-13 09:41:16Z INFO HostContext] Well known directory 'Root': 'C:\Users\Brighton Young\OneDrive\Documents\UXDesign\one-music-gh-pages\actions-runner'
[2021-04-13 09:41:16Z INFO HostContext] Well known config file 'Runner': 'C:\Users\Brighton Young\OneDrive\Documents\UXDesign\one-music-gh-pages\actions-runner\.runner'
[2021-04-13 09:41:16Z INFO ConfigurationStore] ConfigFilePath: C:\Users\Brighton Young\OneDrive\Documents\UXDesign\one-music-gh-pages\actions-runner\.runner
[2021-04-13 09:41:16Z INFO HostContext] Well known directory 'Bin': 'C:\Users\Brighton Young\OneDrive\Documents\UXDesign\one-music-gh-pages\actions-runner\bin'
[2021-04-13 09:41:16Z INFO HostContext] Well known directory 'Root': 'C:\Users\Brighton Young\OneDrive\Documents\UXDesign\one-music-gh-pages\actions-runner'
[2021-04-13 09:41:16Z INFO HostContext] Well known config file 'Credentials': 'C:\Users\Brighton Young\OneDrive\Documents\UXDesign\one-music-gh-pages\actions-runner\.credentials'
[2021-04-13 09:41:16Z INFO ConfigurationStore] CredFilePath: C:\Users\Brighton Young\OneDrive\Documents\UXDesign\one-music-gh-pages\actions-runner\.credentials
[2021-04-13 09:41:16Z INFO HostContext] Well known directory 'Bin': 'C:\Users\Brighton Young\OneDrive\Documents\UXDesign\one-music-gh-pages\actions-runner\bin'
[2021-04-13 09:41:16Z INFO HostContext] Well known directory 'Root': 'C:\Users\Brighton Young\OneDrive\Documents\UXDesign\one-music-gh-pages\actions-runner'
[2021-04-13 09:41:16Z INFO HostContext] Well known config file 'MigratedCredentials': 'C:\Users\Brighton Young\OneDrive\Documents\UXDesign\one-music-gh-pages\actions-runner\.credentials_migrated'
[2021-04-13 09:41:16Z INFO ConfigurationStore] MigratedCredFilePath: C:\Users\Brighton Young\OneDrive\Documents\UXDesign\one-music-gh-pages\actions-runner\.credentials_migrated
[2021-04-13 09:41:16Z INFO HostContext] Well known directory 'Bin': 'C:\Users\Brighton Young\OneDrive\Documents\UXDesign\one-music-gh-pages\actions-runner\bin'
[2021-04-13 09:41:16Z INFO HostContext] Well known directory 'Root': 'C:\Users\Brighton Young\OneDrive\Documents\UXDesign\one-music-gh-pages\actions-runner'
[2021-04-13 09:41:16Z INFO HostContext] Well known config file 'Service': 'C:\Users\Brighton Young\OneDrive\Documents\UXDesign\one-music-gh-pages\actions-runner\.service'
[2021-04-13 09:41:16Z INFO ConfigurationStore] ServiceConfigFilePath: C:\Users\Brighton Young\OneDrive\Documents\UXDesign\one-music-gh-pages\actions-runner\.service
[2021-04-13 09:41:16Z INFO CommandSettings] Flag 'help': 'False'
[2021-04-13 09:41:16Z INFO CommandSettings] Flag 'version': 'False'
[2021-04-13 09:41:16Z INFO CommandSettings] Flag 'commit': 'False'
[2021-04-13 09:41:16Z INFO CommandSettings] Flag 'check': 'False'
[2021-04-13 09:41:16Z INFO CommandSettings] Command 'configure': 'True'
[2021-04-13 09:41:16Z INFO Terminal] WRITE LINE: 
[2021-04-13 09:41:16Z INFO Terminal] WRITE LINE: --------------------------------------------------------------------------------
[2021-04-13 09:41:16Z INFO Terminal] WRITE LINE: |        ____ _ _   _   _       _          _        _   _                      |
[2021-04-13 09:41:16Z INFO Terminal] WRITE LINE: |       / ___(_) |_| | | |_   _| |__      / \   ___| |_(_) ___  _ __  ___      |
[2021-04-13 09:41:16Z INFO Terminal] WRITE LINE: |      | |  _| | __| |_| | | | | '_ \    / _ \ / __| __| |/ _ \| '_ \/ __|     |
[2021-04-13 09:41:16Z INFO Terminal] WRITE LINE: |      | |_| | | |_|  _  | |_| | |_) |  / ___ \ (__| |_| | (_) | | | \__ \     |
[2021-04-13 09:41:16Z INFO Terminal] WRITE LINE: |       \____|_|\__|_| |_|\__,_|_.__/  /_/   \_\___|\__|_|\___/|_| |_|___/     |
[2021-04-13 09:41:16Z INFO Terminal] WRITE LINE: |                                                                              |
[2021-04-13 09:41:16Z INFO Terminal] WRITE: |                       
[2021-04-13 09:41:16Z INFO Terminal] WRITE: Self-hosted runner registration
[2021-04-13 09:41:16Z INFO Terminal] WRITE LINE:                         |
[2021-04-13 09:41:16Z INFO Terminal] WRITE LINE: |                                                                              |
[2021-04-13 09:41:16Z INFO Terminal] WRITE LINE: --------------------------------------------------------------------------------
[2021-04-13 09:41:16Z INFO ConfigurationManager] ConfigureAsync
[2021-04-13 09:41:16Z INFO ConfigurationStore] IsConfigured()
[2021-04-13 09:41:16Z INFO ConfigurationStore] IsConfigured: False
[2021-04-13 09:41:16Z INFO ConfigurationManager] Is configured: False
[2021-04-13 09:41:16Z INFO CommandSettings] Arg 'url': 'https://github.com/brightonyoung/One-Music-GH-Pages'
[2021-04-13 09:41:16Z INFO CommandSettings] Remove url from Arg dictionary.
[2021-04-13 09:41:16Z INFO CommandSettings] Arg 'token': '***'
[2021-04-13 09:41:16Z INFO CommandSettings] Remove token from Arg dictionary.
[2021-04-13 09:41:20Z INFO ConfigurationManager] Http response code: OK from 'POST https://api.github.com/actions/runner-registration'
[2021-04-13 09:41:21Z INFO ConfigurationManager] cred retrieved via GitHub auth
[2021-04-13 09:41:21Z INFO RunnerServer] Establish connection with 100 seconds timeout.
[2021-04-13 09:41:21Z INFO GitHubActionsService] Starting operation Location.GetConnectionData
[2021-04-13 09:41:21Z INFO RunnerServer] Establish connection with 60 seconds timeout.
[2021-04-13 09:41:21Z INFO GitHubActionsService] Starting operation Location.GetConnectionData
[2021-04-13 09:41:21Z INFO RunnerServer] Establish connection with 60 seconds timeout.
[2021-04-13 09:41:21Z INFO GitHubActionsService] Starting operation Location.GetConnectionData
[2021-04-13 09:41:23Z INFO GitHubActionsService] Finished operation Location.GetConnectionData
[2021-04-13 09:41:23Z INFO GitHubActionsService] Finished operation Location.GetConnectionData
[2021-04-13 09:41:23Z INFO GitHubActionsService] Finished operation Location.GetConnectionData
[2021-04-13 09:41:23Z INFO Terminal] WRITE LINE: 
[2021-04-13 09:41:23Z INFO ConfigurationManager] Test Connection complete.
[2021-04-13 09:41:23Z INFO HostContext] Well known directory 'Bin': 'C:\Users\Brighton Young\OneDrive\Documents\UXDesign\one-music-gh-pages\actions-runner\bin'
[2021-04-13 09:41:23Z INFO HostContext] Well known directory 'Root': 'C:\Users\Brighton Young\OneDrive\Documents\UXDesign\one-music-gh-pages\actions-runner'
[2021-04-13 09:41:23Z INFO HostContext] Well known config file 'RSACredentials': 'C:\Users\Brighton Young\OneDrive\Documents\UXDesign\one-music-gh-pages\actions-runner\.credentials_rsaparams'
[2021-04-13 09:41:23Z INFO RSAEncryptedFileKeyManager] Creating new RSA key using 2048-bit key length
[2021-04-13 09:41:23Z INFO RSAEncryptedFileKeyManager] Successfully saved RSA key parameters to file C:\Users\Brighton Young\OneDrive\Documents\UXDesign\one-music-gh-pages\actions-runner\.credentials_rsaparams
[2021-04-13 09:41:23Z INFO ConfigurationManager] Found a self-hosted runner group with id {1} and name {2} 1, Default
[2021-04-13 09:41:23Z INFO CommandSettings] Arg 'name': ''
[2021-04-13 09:41:23Z INFO CommandSettings] Flag 'unattended': 'False'
[2021-04-13 09:41:23Z INFO PromptManager] ReadValue
[2021-04-13 09:41:23Z INFO Terminal] WRITE: Enter the name of runner: 
[2021-04-13 09:41:23Z INFO Terminal] WRITE: [press Enter for DESKTOP-7ANNG7F] 
[2021-04-13 09:41:23Z INFO Terminal] READ LINE
[2021-04-13 09:41:30Z INFO Terminal] Read value: ''
[2021-04-13 09:41:30Z INFO PromptManager] Falling back to the default: 'DESKTOP-7ANNG7F'
[2021-04-13 09:41:30Z INFO Terminal] WRITE LINE: 
[2021-04-13 09:41:30Z INFO CommandSettings] Arg 'labels': ''
[2021-04-13 09:41:30Z INFO CommandSettings] Flag 'unattended': 'False'
[2021-04-13 09:41:30Z INFO PromptManager] ReadValue
[2021-04-13 09:41:30Z INFO Terminal] WRITE: This runner will have the following labels: 'self-hosted', 'Windows', 'X64' 
Enter any additional labels (ex. label-1,label-2): 
[2021-04-13 09:41:30Z INFO Terminal] WRITE: [press Enter to skip] 
[2021-04-13 09:41:30Z INFO Terminal] READ LINE
[2021-04-13 09:41:37Z INFO Terminal] Read value: ''
[2021-04-13 09:41:37Z INFO Terminal] WRITE LINE: 
[2021-04-13 09:41:38Z INFO ConfigurationStore] Saving OAuth credential @ C:\Users\Brighton Young\OneDrive\Documents\UXDesign\one-music-gh-pages\actions-runner\.credentials
[2021-04-13 09:41:38Z INFO ConfigurationStore] Credentials Saved.
[2021-04-13 09:41:38Z INFO ConfigurationStore] HasCredentials()
[2021-04-13 09:41:38Z INFO ConfigurationStore] stored True
[2021-04-13 09:41:38Z INFO CredentialManager] GetCredentialProvider
[2021-04-13 09:41:38Z INFO CredentialManager] Creating type OAuth
[2021-04-13 09:41:38Z INFO CredentialManager] Creating credential type: OAuth
[2021-04-13 09:41:38Z INFO RSAEncryptedFileKeyManager] Loading RSA key parameters from file C:\Users\Brighton Young\OneDrive\Documents\UXDesign\one-music-gh-pages\actions-runner\.credentials_rsaparams
[2021-04-13 09:41:38Z INFO RunnerServer] Establish connection with 100 seconds timeout.
[2021-04-13 09:41:38Z INFO GitHubActionsService] Starting operation Location.GetConnectionData
[2021-04-13 09:41:38Z INFO RunnerServer] Establish connection with 60 seconds timeout.
[2021-04-13 09:41:38Z INFO GitHubActionsService] Starting operation Location.GetConnectionData
[2021-04-13 09:41:38Z INFO RunnerServer] Establish connection with 60 seconds timeout.
[2021-04-13 09:41:38Z INFO GitHubActionsService] Starting operation Location.GetConnectionData
[2021-04-13 09:41:38Z INFO GitHubActionsService] Finished operation Location.GetConnectionData
[2021-04-13 09:41:38Z INFO GitHubActionsService] Finished operation Location.GetConnectionData
[2021-04-13 09:41:38Z INFO GitHubActionsService] Finished operation Location.GetConnectionData
[2021-04-13 09:41:38Z WARN GitHubActionsService] Authentication failed with status code 401.
Transfer-Encoding: chunked
WWW-Authenticate: Bearer
Strict-Transport-Security: max-age=2592000
X-TFS-ProcessId: 241e302d-597c-48ab-8924-e29331830dc2
ActivityId: e410a232-350d-45f2-8e45-70215dfc9c8a
X-TFS-Session: 34ee2734-84e0-4cb4-9b6c-18a890bbaf87
X-VSS-E2EID: 99824e67-d68e-4f43-b3b3-40f4b2f024a7
X-VSS-SenderDeploymentId: 2c974d96-2c30-cef5-eff2-3e0511a903a5
X-TFS-ServiceError: The+user+%27System%3aPublicAccess%3baaaaaaaa-aaaa-aaaa-aaaa-aaaaaaaaaaaa%27+is+not+authorized+to+access+this+resource.
X-VSS-S2STargetService: 0000005A-0000-8888-8000-000000000000/visualstudio.com
X-MSEdge-Ref: Ref A: CB61B02F750C42B6BB73F910AB1ABD00 Ref B: DALEDGE1509 Ref C: 2021-04-13T09:41:42Z
Date: Tue, 13 Apr 2021 09:41:41 GMT

[2021-04-13 09:41:38Z INFO RSAEncryptedFileKeyManager] Loading RSA key parameters from file C:\Users\Brighton Young\OneDrive\Documents\UXDesign\one-music-gh-pages\actions-runner\.credentials_rsaparams
[2021-04-13 09:41:38Z INFO RSAEncryptedFileKeyManager] Loading RSA key parameters from file C:\Users\Brighton Young\OneDrive\Documents\UXDesign\one-music-gh-pages\actions-runner\.credentials_rsaparams
[2021-04-13 09:41:39Z INFO GitHubActionsService] AAD Correlation ID for this token request: Unknown
[2021-04-13 09:41:39Z INFO CommandSettings] Arg 'work': ''
[2021-04-13 09:41:39Z INFO CommandSettings] Flag 'unattended': 'False'
[2021-04-13 09:41:39Z INFO PromptManager] ReadValue
[2021-04-13 09:41:39Z INFO Terminal] WRITE: Enter name of work folder: 
[2021-04-13 09:41:39Z INFO Terminal] WRITE: [press Enter for _work] 
[2021-04-13 09:41:39Z INFO Terminal] READ LINE
[2021-04-13 09:41:45Z INFO Terminal] Read value: ''
[2021-04-13 09:41:45Z INFO PromptManager] Falling back to the default: '_work'
[2021-04-13 09:41:45Z INFO ConfigurationStore] Saving runner settings.
[2021-04-13 09:41:45Z INFO ConfigurationStore] Settings Saved.
[2021-04-13 09:41:45Z INFO Terminal] WRITE LINE: 
[2021-04-13 09:41:45Z INFO Terminal] WRITE LINE: 
[2021-04-13 09:41:45Z INFO CommandSettings] Flag 'runasservice': 'False'
[2021-04-13 09:41:45Z INFO CommandSettings] Flag 'unattended': 'False'
[2021-04-13 09:41:45Z INFO PromptManager] ReadValue
[2021-04-13 09:41:45Z INFO Terminal] WRITE: Would you like to run the runner as service? (Y/N) 
[2021-04-13 09:41:45Z INFO Terminal] WRITE: [press Enter for N] 
[2021-04-13 09:41:45Z INFO Terminal] READ LINE
[2021-04-13 09:41:59Z INFO Terminal] Read value: 'y'
[2021-04-13 09:41:59Z INFO ConfigurationManager] Configuring to run the agent as service
[2021-04-13 09:41:59Z ERR  WindowsServiceControlManager] Needs Administrator privileges for configure runner as windows service.
[2021-04-13 09:41:59Z ERR  Runner] System.Security.SecurityException: Needs Administrator privileges for configuring runner as windows service.
   at GitHub.Runner.Listener.Configuration.WindowsServiceControlManager.ConfigureService(RunnerSettings settings, CommandSettings command)
   at GitHub.Runner.Listener.Configuration.ConfigurationManager.ConfigureAsync(CommandSettings command)
   at GitHub.Runner.Listener.Runner.ExecuteCommand(CommandSettings command)
[2021-04-13 09:41:59Z ERR  Terminal] WRITE ERROR: Needs Administrator privileges for configuring runner as windows service.
[2021-04-13 09:41:59Z INFO Listener] Runner execution has finished with return code 1
