[2021-04-13 09:42:51Z INFO HostContext] No proxy settings were found based on environmental variables (http_proxy/https_proxy/HTTP_PROXY/HTTPS_PROXY)
[2021-04-13 09:42:51Z INFO HostContext] Well known directory 'Bin': 'C:\Users\Brighton Young\OneDrive\Documents\UXDesign\one-music-gh-pages\actions-runner\bin'
[2021-04-13 09:42:51Z INFO HostContext] Well known directory 'Root': 'C:\Users\Brighton Young\OneDrive\Documents\UXDesign\one-music-gh-pages\actions-runner'
[2021-04-13 09:42:51Z INFO HostContext] Well known config file 'Credentials': 'C:\Users\Brighton Young\OneDrive\Documents\UXDesign\one-music-gh-pages\actions-runner\.credentials'
[2021-04-13 09:42:51Z INFO Listener] Runner is built for Windows (X64) - win-x64.
[2021-04-13 09:42:51Z INFO Listener] RuntimeInformation: Microsoft Windows 10.0.21292.
[2021-04-13 09:42:51Z INFO Listener] Version: 2.277.1
[2021-04-13 09:42:51Z INFO Listener] Commit: 183a3dd9a0d4d51feddc5fe9fa6c3b5f8b08343d
[2021-04-13 09:42:51Z INFO Listener] Culture: en-US
[2021-04-13 09:42:51Z INFO Listener] UI Culture: en-US
[2021-04-13 09:42:51Z INFO HostContext] Well known directory 'Bin': 'C:\Users\Brighton Young\OneDrive\Documents\UXDesign\one-music-gh-pages\actions-runner\bin'
[2021-04-13 09:42:51Z INFO HostContext] Well known directory 'Root': 'C:\Users\Brighton Young\OneDrive\Documents\UXDesign\one-music-gh-pages\actions-runner'
[2021-04-13 09:42:51Z INFO Listener] Validating directory permissions for: 'C:\Users\Brighton Young\OneDrive\Documents\UXDesign\one-music-gh-pages\actions-runner'
[2021-04-13 09:42:51Z INFO CommandLineParser] Parse
[2021-04-13 09:42:51Z INFO CommandLineParser] Parsing 1 args
[2021-04-13 09:42:51Z INFO CommandLineParser] parsing argument
[2021-04-13 09:42:51Z INFO CommandLineParser] HasArgs: False
[2021-04-13 09:42:51Z INFO CommandLineParser] Adding Command: remove
[2021-04-13 09:42:51Z INFO Listener] Arguments parsed
[2021-04-13 09:42:51Z INFO Runner] ExecuteCommand
[2021-04-13 09:42:51Z INFO ConfigurationStore] currentAssemblyLocation: C:\Users\Brighton Young\OneDrive\Documents\UXDesign\one-music-gh-pages\actions-runner\bin\Runner.Listener.dll
[2021-04-13 09:42:51Z INFO HostContext] Well known directory 'Bin': 'C:\Users\Brighton Young\OneDrive\Documents\UXDesign\one-music-gh-pages\actions-runner\bin'
[2021-04-13 09:42:51Z INFO ConfigurationStore] binPath: C:\Users\Brighton Young\OneDrive\Documents\UXDesign\one-music-gh-pages\actions-runner\bin
[2021-04-13 09:42:51Z INFO HostContext] Well known directory 'Bin': 'C:\Users\Brighton Young\OneDrive\Documents\UXDesign\one-music-gh-pages\actions-runner\bin'
[2021-04-13 09:42:51Z INFO HostContext] Well known directory 'Root': 'C:\Users\Brighton Young\OneDrive\Documents\UXDesign\one-music-gh-pages\actions-runner'
[2021-04-13 09:42:51Z INFO ConfigurationStore] RootFolder: C:\Users\Brighton Young\OneDrive\Documents\UXDesign\one-music-gh-pages\actions-runner
[2021-04-13 09:42:51Z INFO HostContext] Well known directory 'Bin': 'C:\Users\Brighton Young\OneDrive\Documents\UXDesign\one-music-gh-pages\actions-runner\bin'
[2021-04-13 09:42:51Z INFO HostContext] Well known directory 'Root': 'C:\Users\Brighton Young\OneDrive\Documents\UXDesign\one-music-gh-pages\actions-runner'
[2021-04-13 09:42:51Z INFO HostContext] Well known config file 'Runner': 'C:\Users\Brighton Young\OneDrive\Documents\UXDesign\one-music-gh-pages\actions-runner\.runner'
[2021-04-13 09:42:51Z INFO ConfigurationStore] ConfigFilePath: C:\Users\Brighton Young\OneDrive\Documents\UXDesign\one-music-gh-pages\actions-runner\.runner
[2021-04-13 09:42:51Z INFO HostContext] Well known directory 'Bin': 'C:\Users\Brighton Young\OneDrive\Documents\UXDesign\one-music-gh-pages\actions-runner\bin'
[2021-04-13 09:42:51Z INFO HostContext] Well known directory 'Root': 'C:\Users\Brighton Young\OneDrive\Documents\UXDesign\one-music-gh-pages\actions-runner'
[2021-04-13 09:42:51Z INFO HostContext] Well known config file 'Credentials': 'C:\Users\Brighton Young\OneDrive\Documents\UXDesign\one-music-gh-pages\actions-runner\.credentials'
[2021-04-13 09:42:51Z INFO ConfigurationStore] CredFilePath: C:\Users\Brighton Young\OneDrive\Documents\UXDesign\one-music-gh-pages\actions-runner\.credentials
[2021-04-13 09:42:51Z INFO HostContext] Well known directory 'Bin': 'C:\Users\Brighton Young\OneDrive\Documents\UXDesign\one-music-gh-pages\actions-runner\bin'
[2021-04-13 09:42:51Z INFO HostContext] Well known directory 'Root': 'C:\Users\Brighton Young\OneDrive\Documents\UXDesign\one-music-gh-pages\actions-runner'
[2021-04-13 09:42:51Z INFO HostContext] Well known config file 'MigratedCredentials': 'C:\Users\Brighton Young\OneDrive\Documents\UXDesign\one-music-gh-pages\actions-runner\.credentials_migrated'
[2021-04-13 09:42:51Z INFO ConfigurationStore] MigratedCredFilePath: C:\Users\Brighton Young\OneDrive\Documents\UXDesign\one-music-gh-pages\actions-runner\.credentials_migrated
[2021-04-13 09:42:51Z INFO HostContext] Well known directory 'Bin': 'C:\Users\Brighton Young\OneDrive\Documents\UXDesign\one-music-gh-pages\actions-runner\bin'
[2021-04-13 09:42:51Z INFO HostContext] Well known directory 'Root': 'C:\Users\Brighton Young\OneDrive\Documents\UXDesign\one-music-gh-pages\actions-runner'
[2021-04-13 09:42:51Z INFO HostContext] Well known config file 'Service': 'C:\Users\Brighton Young\OneDrive\Documents\UXDesign\one-music-gh-pages\actions-runner\.service'
[2021-04-13 09:42:51Z INFO ConfigurationStore] ServiceConfigFilePath: C:\Users\Brighton Young\OneDrive\Documents\UXDesign\one-music-gh-pages\actions-runner\.service
[2021-04-13 09:42:51Z INFO CommandSettings] Flag 'help': 'False'
[2021-04-13 09:42:51Z INFO CommandSettings] Flag 'version': 'False'
[2021-04-13 09:42:51Z INFO CommandSettings] Flag 'commit': 'False'
[2021-04-13 09:42:51Z INFO CommandSettings] Flag 'check': 'False'
[2021-04-13 09:42:51Z INFO CommandSettings] Command 'configure': 'False'
[2021-04-13 09:42:51Z INFO CommandSettings] Command 'remove': 'True'
[2021-04-13 09:42:51Z INFO ConfigurationStore] IsServiceConfigured()
[2021-04-13 09:42:51Z INFO ConfigurationStore] IsServiceConfigured: False
[2021-04-13 09:42:51Z INFO ConfigurationStore] IsConfigured()
[2021-04-13 09:42:51Z INFO ConfigurationStore] IsConfigured: True
[2021-04-13 09:42:51Z INFO ConfigurationStore] HasCredentials()
[2021-04-13 09:42:51Z INFO ConfigurationStore] stored True
[2021-04-13 09:42:51Z INFO ConfigurationStore] Read setting file: 312 chars
[2021-04-13 09:42:51Z INFO CommandSettings] Arg 'token': ''
[2021-04-13 09:42:51Z INFO CommandSettings] Flag 'unattended': 'False'
[2021-04-13 09:42:51Z INFO PromptManager] ReadValue
[2021-04-13 09:42:51Z INFO Terminal] WRITE: Enter runner remove token: 
[2021-04-13 09:42:51Z INFO Terminal] READ SECRET
[2021-04-13 09:43:15Z INFO Terminal] WRITE LINE: Exiting...
